<?xml version="1.0" encoding="UTF-8"?>
<!-- Generated by org.testng.reporters.JUnitReportReporter -->
<testsuite skipped="0" hostname="LAPTOP-6F1EP3MP" name="httpmethods.GetResources" tests="1" failures="0" timestamp="19 Jun 2020 01:47:45 GMT" time="0.883" errors="0">
  <testcase name="checkResult" time="0.883" classname="httpmethods.GetResources"/>
</testsuite> <!-- httpmethods.GetResources -->
